<?xml version="1.0" encoding="UTF-8"?>
<testng-results ignored="0" total="1" passed="1" failed="0" skipped="0">
  <reporter-output>
  </reporter-output>
  <suite started-at="2025-06-10T15:29:39 CEST" name="Default suite" finished-at="2025-06-10T15:29:42 CEST" duration-ms="3811">
    <groups>
    </groups>
    <test started-at="2025-06-10T15:29:39 CEST" name="Default test" finished-at="2025-06-10T15:29:42 CEST" duration-ms="3811">
      <class name="petstoreAssignment.PetStore">
        <test-method signature="createUsers()[pri:0, instance:petstoreAssignment.PetStore@1aafa419]" started-at="2025-06-10T15:29:39 CEST" name="createUsers" finished-at="2025-06-10T15:29:42 CEST" duration-ms="3764" status="PASS">
          <reporter-output>
          </reporter-output>
        </test-method> <!-- createUsers -->
      </class> <!-- petstoreAssignment.PetStore -->
    </test> <!-- Default test -->
  </suite> <!-- Default suite -->
</testng-results>
